Using pre-set license
Built from '2020.3/staging' branch; Version is '2020.3.18f1 (a7d1c678663c) revision 10998214'; Using compiler version '192528614'; Build Type 'Release'
OS: 'Windows 10 Home; OS build 19043.1348; Version 2009; 64bit' Language: 'zh' Physical Memory: 16205 MB
BatchMode: 1, IsHumanControllingUs: 0, StartBugReporterOnCrash: 0, Is64bit: 1, IsPro: 0

COMMAND LINE ARGUMENTS:
C:\Program Files\Unity\Hub\Editor\2020.3.18f1\Editor\Unity.exe
-adb2
-batchMode
-noUpm
-name
AssetImportWorker0
-projectPath
D:/Unity/2d_Ruby/2d_Ruby
-logFile
Logs/AssetImportWorker0.log
-srvPort
57241
Successfully changed project path to: D:/Unity/2d_Ruby/2d_Ruby
D:/Unity/2d_Ruby/2d_Ruby
Using Asset Import Pipeline V2.
Refreshing native plugins compatible for Editor in 35.10 ms, found 3 plugins.
Preloading 0 native plugins for Editor in 0.00 ms.
Initialize engine version: 2020.3.18f1 (a7d1c678663c)
[Subsystems] Discovering subsystems at path C:/Program Files/Unity/Hub/Editor/2020.3.18f1/Editor/Data/Resources/UnitySubsystems
[Subsystems] Discovering subsystems at path D:/Unity/2d_Ruby/2d_Ruby/Assets
GfxDevice: creating device client; threaded=0
Direct3D:
    Version:  Direct3D 11.0 [level 11.1]
    Renderer: NVIDIA GeForce GTX 1650 Ti with Max-Q Design (ID=0x1f95)
    Vendor:   
    VRAM:     3962 MB
    Driver:   30.0.14.9649
Initialize mono
Mono path[0] = 'C:/Program Files/Unity/Hub/Editor/2020.3.18f1/Editor/Data/Managed'
Mono path[1] = 'C:/Program Files/Unity/Hub/Editor/2020.3.18f1/Editor/Data/MonoBleedingEdge/lib/mono/unityjit'
Mono config path = 'C:/Program Files/Unity/Hub/Editor/2020.3.18f1/Editor/Data/MonoBleedingEdge/etc'
Using monoOptions --debugger-agent=transport=dt_socket,embedding=1,server=y,suspend=n,address=127.0.0.1:56092
Begin MonoManager ReloadAssembly
Registering precompiled unity dll's ...
Register platform support module: C:/Program Files/Unity/Hub/Editor/2020.3.18f1/Editor/Data/PlaybackEngines/WebGLSupport/UnityEditor.WebGL.Extensions.dll
Register platform support module: C:/Program Files/Unity/Hub/Editor/2020.3.18f1/Editor/Data/PlaybackEngines/WindowsStandaloneSupport/UnityEditor.WindowsStandalone.Extensions.dll
Registered in 0.002466 seconds.
Native extension for WindowsStandalone target not found
Native extension for WebGL target not found
Refreshing native plugins compatible for Editor in 35.23 ms, found 3 plugins.
Preloading 0 native plugins for Editor in 0.00 ms.
Mono: successfully reloaded assembly
- Completed reload, in  2.050 seconds
Domain Reload Profiling:
	ReloadAssembly (2050ms)
		BeginReloadAssembly (54ms)
			ExecutionOrderSort (0ms)
			DisableScriptedObjects (0ms)
			BackupInstance (0ms)
			ReleaseScriptingObjects (0ms)
			CreateAndSetChildDomain (1ms)
		EndReloadAssembly (371ms)
			LoadAssemblies (53ms)
			RebuildTransferFunctionScriptingTraits (0ms)
			SetupTypeCache (146ms)
			ReleaseScriptCaches (0ms)
			RebuildScriptCaches (24ms)
			SetupLoadedEditorAssemblies (138ms)
				LogAssemblyErrors (0ms)
				InitializePlatformSupportModulesInManaged (5ms)
				SetLoadedEditorAssemblies (0ms)
				RefreshPlugins (35ms)
				BeforeProcessingInitializeOnLoad (13ms)
				ProcessInitializeOnLoadAttributes (63ms)
				ProcessInitializeOnLoadMethodAttributes (22ms)
				AfterProcessingInitializeOnLoad (0ms)
				EditorAssembliesLoaded (0ms)
			ExecutionOrderSort2 (0ms)
			AwakeInstancesAfterBackupRestoration (0ms)
Platform modules already initialized, skipping
Registering precompiled user dll's ...
Registered in 0.002632 seconds.
Begin MonoManager ReloadAssembly
Native extension for WindowsStandalone target not found
Native extension for WebGL target not found
Refreshing native plugins compatible for Editor in 34.66 ms, found 3 plugins.
Preloading 0 native plugins for Editor in 0.00 ms.
Mono: successfully reloaded assembly
- Completed reload, in  0.947 seconds
Domain Reload Profiling:
	ReloadAssembly (947ms)
		BeginReloadAssembly (128ms)
			ExecutionOrderSort (0ms)
			DisableScriptedObjects (4ms)
			BackupInstance (0ms)
			ReleaseScriptingObjects (0ms)
			CreateAndSetChildDomain (15ms)
		EndReloadAssembly (767ms)
			LoadAssemblies (82ms)
			RebuildTransferFunctionScriptingTraits (0ms)
			SetupTypeCache (249ms)
			ReleaseScriptCaches (0ms)
			RebuildScriptCaches (43ms)
			SetupLoadedEditorAssemblies (298ms)
				LogAssemblyErrors (0ms)
				InitializePlatformSupportModulesInManaged (4ms)
				SetLoadedEditorAssemblies (0ms)
				RefreshPlugins (35ms)
				BeforeProcessingInitializeOnLoad (69ms)
				ProcessInitializeOnLoadAttributes (171ms)
				ProcessInitializeOnLoadMethodAttributes (11ms)
				AfterProcessingInitializeOnLoad (8ms)
				EditorAssembliesLoaded (0ms)
			ExecutionOrderSort2 (0ms)
			AwakeInstancesAfterBackupRestoration (6ms)
Platform modules already initialized, skipping
========================================================================
Worker process is ready to serve import requests
Launched and connected shader compiler UnityShaderCompiler.exe after 0.04 seconds
Refreshing native plugins compatible for Editor in 0.46 ms, found 3 plugins.
Preloading 0 native plugins for Editor in 0.00 ms.
Unloading 2092 Unused Serialized files (Serialized files now loaded: 0)
System memory in use before: 93.0 MB.
System memory in use after: 93.1 MB.

Unloading 26 unused Assets to reduce memory usage. Loaded Objects now: 2531.
Total: 3.150900 ms (FindLiveObjects: 0.253500 ms CreateObjectMapping: 0.094100 ms MarkObjects: 2.741400 ms  DeleteObjects: 0.061000 ms)

AssetImportParameters requested are different than current active one (requested -> active):
  custom:framework-win-MediaFoundation: 216162199b28c13a410421893ffa2e32 -> 
  custom:video-decoder-ogg-theora: a1e56fd34408186e4bbccfd4996cb3dc -> 
  custom:container-muxer-webm: aa71ff27fc2769a1b78a27578f13a17b -> 
  custom:container-demuxer-webm: 4f35f7cbe854078d1ac9338744f61a02 -> 
  custom:container-demuxer-ogg: 62fdf1f143b41e24485cea50d1cbac27 -> 
  custom:video-encoder-webm-vp8: eb34c28f22e8b96e1ab97ce403110664 -> 
  custom:video-decoder-webm-vp8: 9c59270c3fd7afecdb556c50c9e8de78 -> 
  custom:audio-decoder-ogg-vorbis: bf7c407c2cedff20999df2af8eb42d56 -> 
  custom:audio-encoder-webm-vorbis: bf7c407c2cedff20999df2af8eb42d56 -> 
========================================================================
Received Import Request.
  path: Assets/Scrip/RubyMove.cs
  artifactKey: Guid(4ff37fb003e5fc144961b053f89d4825) Importer(815301076,1909f56bfc062723c751e8b465ee728b)
Start importing Assets/Scrip/RubyMove.cs using Guid(4ff37fb003e5fc144961b053f89d4825) Importer(815301076,1909f56bfc062723c751e8b465ee728b)  -> (artifact id: 'a60942744d7a0b0a44235e15b3974f3c') in 0.024824 seconds 
  Import took 0.027904 seconds .

========================================================================
Received Import Request.
  Time since last request: 135.817307 seconds.
  path: Assets/2Dpackage/Art/Sprites/Characters
  artifactKey: Guid(ff0aa22beee37e947b64088c003dfa20) Importer(815301076,1909f56bfc062723c751e8b465ee728b)
Start importing Assets/2Dpackage/Art/Sprites/Characters using Guid(ff0aa22beee37e947b64088c003dfa20) Importer(815301076,1909f56bfc062723c751e8b465ee728b)  -> (artifact id: '0cee3beee5f5c2ae13062d53506489a2') in 0.002460 seconds 
  Import took 0.011969 seconds .

========================================================================
Received Import Request.
  Time since last request: 0.000866 seconds.
  path: Assets/2Dpackage/Art/Sprites/Characters
  artifactKey: Guid(ff0aa22beee37e947b64088c003dfa20) Importer(815301076,1909f56bfc062723c751e8b465ee728b)
Start importing Assets/2Dpackage/Art/Sprites/Characters using Guid(ff0aa22beee37e947b64088c003dfa20) Importer(815301076,1909f56bfc062723c751e8b465ee728b)  -> (artifact id: '0cee3beee5f5c2ae13062d53506489a2') in 0.002675 seconds 
  Import took 0.006450 seconds .

========================================================================
Received Import Request.
  Time since last request: 0.923209 seconds.
  path: Assets/2Dpackage/Art/Sprites/UI
  artifactKey: Guid(bfb96839a89439043a19cb4fb1efcba7) Importer(815301076,1909f56bfc062723c751e8b465ee728b)
Start importing Assets/2Dpackage/Art/Sprites/UI using Guid(bfb96839a89439043a19cb4fb1efcba7) Importer(815301076,1909f56bfc062723c751e8b465ee728b)  -> (artifact id: 'e5678d7afc4f31677ecd2aa3e0a0f531') in 0.002239 seconds 
  Import took 0.010845 seconds .

========================================================================
Received Import Request.
  Time since last request: 0.323899 seconds.
  path: Assets/2Dpackage/Art/Sprites/VFX
  artifactKey: Guid(8d1a399e9fa9e2540b238a12085ff61f) Importer(815301076,1909f56bfc062723c751e8b465ee728b)
Start importing Assets/2Dpackage/Art/Sprites/VFX using Guid(8d1a399e9fa9e2540b238a12085ff61f) Importer(815301076,1909f56bfc062723c751e8b465ee728b)  -> (artifact id: '14cf432a621f38419501dd39f4d5c265') in 0.007264 seconds 
  Import took 0.010656 seconds .

========================================================================
Received Import Request.
  Time since last request: 0.056244 seconds.
  path: Assets/2Dpackage/Art/Sprites/VFX/CogBullet.png
  artifactKey: Guid(c3bae526786f11046bdd2a781392a458) Importer(815301076,1909f56bfc062723c751e8b465ee728b)
Start importing Assets/2Dpackage/Art/Sprites/VFX/CogBullet.png using Guid(c3bae526786f11046bdd2a781392a458) Importer(815301076,1909f56bfc062723c751e8b465ee728b)  -> (artifact id: 'd94585f471bee741b5b3dd5bbb5805fa') in 0.100619 seconds 
  Import took 0.104571 seconds .

========================================================================
Received Import Request.
  Time since last request: 0.000178 seconds.
  path: Assets/2Dpackage/Art/Sprites/VFX/CollectibleAmmo.png
  artifactKey: Guid(d5ac0d76f419eaf4b88095579ba3ab35) Importer(815301076,1909f56bfc062723c751e8b465ee728b)
Start importing Assets/2Dpackage/Art/Sprites/VFX/CollectibleAmmo.png using Guid(d5ac0d76f419eaf4b88095579ba3ab35) Importer(815301076,1909f56bfc062723c751e8b465ee728b)  -> (artifact id: '4ed1a9e42e5852d47fe6da05fb5d0ef6') in 0.024032 seconds 
  Import took 0.027649 seconds .

========================================================================
Received Import Request.
  Time since last request: 0.000210 seconds.
  path: Assets/2Dpackage/Art/Sprites/VFX/CollectibleHealth.png
  artifactKey: Guid(00e89d1057578a342b22583144a5ee03) Importer(815301076,1909f56bfc062723c751e8b465ee728b)
Start importing Assets/2Dpackage/Art/Sprites/VFX/CollectibleHealth.png using Guid(00e89d1057578a342b22583144a5ee03) Importer(815301076,1909f56bfc062723c751e8b465ee728b)  -> (artifact id: '99ac054501982fecc6c646a546093a61') in 0.027815 seconds 
  Import took 0.031411 seconds .

========================================================================
Received Import Request.
  Time since last request: 0.000219 seconds.
  path: Assets/2Dpackage/Art/Sprites/VFX/Shadow.png
  artifactKey: Guid(2473a1005c3459b479fdb52a47447363) Importer(815301076,1909f56bfc062723c751e8b465ee728b)
Start importing Assets/2Dpackage/Art/Sprites/VFX/Shadow.png using Guid(2473a1005c3459b479fdb52a47447363) Importer(815301076,1909f56bfc062723c751e8b465ee728b)  -> (artifact id: '46e96a75a83e987a782543fd9b0be177') in 0.011043 seconds 
  Import took 0.014238 seconds .

========================================================================
Received Import Request.
  Time since last request: 0.000190 seconds.
  path: Assets/2Dpackage/Art/Sprites/VFX/ParticleSpriteAtlas.png
  artifactKey: Guid(bb5bb2f184426a64cac53faa220820f5) Importer(815301076,1909f56bfc062723c751e8b465ee728b)
Start importing Assets/2Dpackage/Art/Sprites/VFX/ParticleSpriteAtlas.png using Guid(bb5bb2f184426a64cac53faa220820f5) Importer(815301076,1909f56bfc062723c751e8b465ee728b)  -> (artifact id: 'bac4c61640519f0c2496989391d2f36c') in 0.011756 seconds 
  Import took 0.015605 seconds .

========================================================================
Received Import Request.
  Time since last request: 106.471649 seconds.
  path: Assets/Scrip/Barry.cs
  artifactKey: Guid(27719ad677f2b9e4a9ecd5dcb20d1b1d) Importer(815301076,1909f56bfc062723c751e8b465ee728b)
Start importing Assets/Scrip/Barry.cs using Guid(27719ad677f2b9e4a9ecd5dcb20d1b1d) Importer(815301076,1909f56bfc062723c751e8b465ee728b)  -> (artifact id: 'a3ef911f6ddbb4ac07bfa58d10a08782') in 0.002018 seconds 
  Import took 0.010627 seconds .

========================================================================
Received Import Request.
  Time since last request: 330.161720 seconds.
  path: Assets/Scrip/Barry.cs
  artifactKey: Guid(27719ad677f2b9e4a9ecd5dcb20d1b1d) Importer(815301076,1909f56bfc062723c751e8b465ee728b)
Start importing Assets/Scrip/Barry.cs using Guid(27719ad677f2b9e4a9ecd5dcb20d1b1d) Importer(815301076,1909f56bfc062723c751e8b465ee728b)  -> (artifact id: 'f416684a0458b4e1f19477b0e1bc3e1d') in 0.001950 seconds 
  Import took 0.005678 seconds .

AssetImportWorkerClient::OnTransportError - code=2 error=End of file
